SF:lib/src/view_model.dart
DA:9,1
DA:13,0
DA:14,0
DA:15,0
DA:18,1
DA:20,1
DA:21,1
LF:7
LH:4
end_of_record
SF:lib/src/npage_view.dart
DA:9,2
DA:11,1
DA:13,1
DA:14,1
DA:17,1
DA:19,4
DA:20,2
DA:21,1
DA:22,2
DA:23,2
DA:24,1
DA:25,2
DA:26,1
DA:27,2
DA:28,1
DA:29,2
DA:30,1
DA:31,2
DA:32,1
DA:34,0
DA:35,0
LF:21
LH:19
end_of_record
SF:lib/src/npage_view_state.dart
DA:4,6
DA:7,1
DA:11,0
DA:12,0
DA:13,0
DA:14,0
DA:18,2
LF:7
LH:3
end_of_record
SF:lib/src/npage_view_helper.dart
DA:8,1
DA:9,0
DA:10,0
DA:11,2
DA:14,1
DA:16,0
DA:17,0
DA:18,0
DA:19,1
DA:20,1
DA:21,2
DA:22,2
LF:12
LH:7
end_of_record
