SF:lib/src/view_model.dart
DA:7,2
DA:9,0
DA:11,0
DA:12,0
LF:4
LH:1
end_of_record
SF:lib/src/npage_view.dart
DA:9,2
DA:11,1
DA:13,0
DA:14,0
DA:17,1
DA:19,4
DA:20,1
DA:21,2
DA:22,2
DA:23,1
DA:24,2
DA:25,1
DA:26,2
DA:27,1
DA:28,2
DA:29,1
DA:30,2
DA:31,1
DA:33,0
DA:34,0
LF:20
LH:16
end_of_record
SF:lib/src/npage_view_state.dart
DA:4,6
DA:7,1
DA:11,0
DA:12,0
DA:13,0
DA:14,0
DA:18,2
LF:7
LH:3
end_of_record
SF:lib/src/npage_view_helper.dart
DA:8,1
DA:9,0
DA:10,0
DA:11,1
DA:12,1
DA:13,3
DA:14,1
LF:7
LH:5
end_of_record
